<?xml version="1.0" encoding="UTF-8"?>
<!-- Generated by org.testng.reporters.JUnitReportReporter -->
<testsuite hostname="DESKTOP-QER32KA" failures="0" tests="3" name="com.opencart.tests.LoginPageTest" time="1.183" errors="0" timestamp="2023-12-21T12:48:10 IST" skipped="0">
  <testcase classname="com.opencart.tests.LoginPageTest" name="loginPageTitleTest" time="0.515"/>
  <testcase classname="com.opencart.tests.LoginPageTest" name="loginPageURLTest" time="0.002"/>
  <testcase classname="com.opencart.tests.LoginPageTest" name="appLoginTest" time="0.666"/>
</testsuite> <!-- com.opencart.tests.LoginPageTest -->
